<?xml version="1.0" encoding="UTF-8"?>
<!-- Generated by org.testng.reporters.JUnitReportReporter -->
<testsuite skipped="0" hostname="DESKTOP-BAFSCM2" name="woolies.wooliesTest" tests="1" failures="0" timestamp="2020-01-20T01:20:03 AEDT" time="38.660" errors="0">
  <testcase name="addCartTest" time="38.660" classname="woolies.wooliesTest"/>
  <system-out/>
</testsuite> <!-- woolies.wooliesTest -->
